<?xml version="1.0" encoding="utf-8" standalone="no"?>
<!--This file represents the results of running a test suite-->
<test-results name="bin/Debug/Core-Test.dll" total="669" failures="506" not-run="0" date="2015-01-05" time="02:34:17">
  <environment nunit-version="2.4.8.0" clr-version="4.0.30319.17020" os-version="Unix 14.0.0.0" platform="Unix" cwd="/Users/ericvergnaud/Development/Presto/C#/Core-Test" machine-name="mbpe-2.local" user="ericvergnaud" user-domain="mbpe-2.local" />
  <culture-info current-culture="fr-FR" current-uiculture="fr-FR" />
  <test-suite name="bin/Debug/Core-Test.dll" success="False" time="6.122" asserts="0">
    <results>
      <test-suite name="presto" success="False" time="6.120" asserts="0">
        <results>
          <test-suite name="boa" success="False" time="2.983" asserts="0">
            <results>
              <test-suite name="runtime" success="False" time="2.977" asserts="0">
                <results>
                  <test-suite name="TestAdd" success="False" time="0.415" asserts="0">
                    <results>
                      <test-case name="presto.boa.runtime.TestAdd.testAddCharacter" executed="True" success="False" time="0.264" asserts="1">
                        <failure>
                          <message><![CDATA[System.NullReferenceException : Object reference not set to an instance of an object]]></message>
                          <stack-trace><![CDATA[at presto.declaration.BaseMethodDeclaration.register (presto.runtime.Context context) [0x00000] in <filename unknown>:0
at presto.grammar.DeclarationList.register (presto.runtime.Context context) [0x00000] in <filename unknown>:0
at presto.parser.BaseBoaParserTest.loadResource (System.String resourceName) [0x00000] in <filename unknown>:0
at presto.parser.BaseBoaParserTest.runResource (System.String resourceName) [0x00000] in <filename unknown>:0
at presto.parser.BaseBoaParserTest.CheckOutput (System.String resourceName) [0x00000] in <filename unknown>:0
at presto.boa.runtime.TestAdd.testAddCharacter () [0x00000] in <filename unknown>:0
at (wrapper managed-to-native) System.Reflection.MonoMethod:InternalInvoke (System.Reflection.MonoMethod,object,object[],System.Exception&)
at System.Reflection.MonoMethod.Invoke (System.Object obj, BindingFlags invokeAttr, System.Reflection.Binder binder, System.Object[] parameters, System.Globalization.CultureInfo culture) [0x00000] in <filename unknown>:0
]]></stack-trace>
                        </failure>
                      </test-case>
                      <test-case name="presto.boa.runtime.TestAdd.testAddDate" executed="True" success="False" time="0.022" asserts="1">
                        <failure>
                          <message><![CDATA[System.NullReferenceException : Object reference not set to an instance of an object]]></message>
                          <stack-trace><![CDATA[at presto.declaration.BaseMethodDeclaration.register (presto.runtime.Context context) [0x00000] in <filename unknown>:0
at presto.grammar.DeclarationList.register (presto.runtime.Context context) [0x00000] in <filename unknown>:0
at presto.parser.BaseBoaParserTest.loadResource (System.String resourceName) [0x00000] in <filename unknown>:0
at presto.parser.BaseBoaParserTest.runResource (System.String resourceName) [0x00000] in <filename unknown>:0
at presto.parser.BaseBoaParserTest.CheckOutput (System.String resourceName) [0x00000] in <filename unknown>:0
at presto.boa.runtime.TestAdd.testAddDate () [0x00000] in <filename unknown>:0
at (wrapper managed-to-native) System.Reflection.MonoMethod:InternalInvoke (System.Reflection.MonoMethod,object,object[],System.Exception&)
at System.Reflection.MonoMethod.Invoke (System.Object obj, BindingFlags invokeAttr, System.Reflection.Binder binder, System.Object[] parameters, System.Globalization.CultureInfo culture) [0x00000] in <filename unknown>:0
]]></stack-trace>
                        </failure>
                      </test-case>
                      <test-case name="presto.boa.runtime.TestAdd.testAddDateTime" executed="True" success="False" time="0.003" asserts="1">
                        <failure>
                          <message><![CDATA[System.NullReferenceException : Object reference not set to an instance of an object]]></message>
                          <stack-trace><![CDATA[at presto.declaration.BaseMethodDeclaration.register (presto.runtime.Context context) [0x00000] in <filename unknown>:0
at presto.grammar.DeclarationList.register (presto.runtime.Context context) [0x00000] in <filename unknown>:0
at presto.parser.BaseBoaParserTest.loadResource (System.String resourceName) [0x00000] in <filename unknown>:0
at presto.parser.BaseBoaParserTest.runResource (System.String resourceName) [0x00000] in <filename unknown>:0
at presto.parser.BaseBoaParserTest.CheckOutput (System.String resourceName) [0x00000] in <filename unknown>:0
at presto.boa.runtime.TestAdd.testAddDateTime () [0x00000] in <filename unknown>:0
at (wrapper managed-to-native) System.Reflection.MonoMethod:InternalInvoke (System.Reflection.MonoMethod,object,object[],System.Exception&)
at System.Reflection.MonoMethod.Invoke (System.Object obj, BindingFlags invokeAttr, System.Reflection.Binder binder, System.Object[] parameters, System.Globalization.CultureInfo culture) [0x00000] in <filename unknown>:0
]]></stack-trace>
                        </failure>
                      </test-case>
                      <test-case name="presto.boa.runtime.TestAdd.testAddDecimal" executed="True" success="False" time="0.008" asserts="1">
                        <failure>
                          <message><![CDATA[System.NullReferenceException : Object reference not set to an instance of an object]]></message>
                          <stack-trace><![CDATA[at presto.declaration.BaseMethodDeclaration.register (presto.runtime.Context context) [0x00000] in <filename unknown>:0
at presto.grammar.DeclarationList.register (presto.runtime.Context context) [0x00000] in <filename unknown>:0
at presto.parser.BaseBoaParserTest.loadResource (System.String resourceName) [0x00000] in <filename unknown>:0
at presto.parser.BaseBoaParserTest.runResource (System.String resourceName) [0x00000] in <filename unknown>:0
at presto.parser.BaseBoaParserTest.CheckOutput (System.String resourceName) [0x00000] in <filename unknown>:0
at presto.boa.runtime.TestAdd.testAddDecimal () [0x00000] in <filename unknown>:0
at (wrapper managed-to-native) System.Reflection.MonoMethod:InternalInvoke (System.Reflection.MonoMethod,object,object[],System.Exception&)
at System.Reflection.MonoMethod.Invoke (System.Object obj, BindingFlags invokeAttr, System.Reflection.Binder binder, System.Object[] parameters, System.Globalization.CultureInfo culture) [0x00000] in <filename unknown>:0
]]></stack-trace>
                        </failure>
                      </test-case>
                      <test-case name="presto.boa.runtime.TestAdd.testAddDict" executed="True" success="False" time="0.011" asserts="1">
                        <failure>
                          <message><![CDATA[System.NullReferenceException : Object reference not set to an instance of an object]]></message>
                          <stack-trace><![CDATA[at presto.declaration.BaseMethodDeclaration.register (presto.runtime.Context context) [0x00000] in <filename unknown>:0
at presto.grammar.DeclarationList.register (presto.runtime.Context context) [0x00000] in <filename unknown>:0
at presto.parser.BaseBoaParserTest.loadResource (System.String resourceName) [0x00000] in <filename unknown>:0
at presto.parser.BaseBoaParserTest.runResource (System.String resourceName) [0x00000] in <filename unknown>:0
at presto.parser.BaseBoaParserTest.CheckOutput (System.String resourceName) [0x00000] in <filename unknown>:0
at presto.boa.runtime.TestAdd.testAddDict () [0x00000] in <filename unknown>:0
at (wrapper managed-to-native) System.Reflection.MonoMethod:InternalInvoke (System.Reflection.MonoMethod,object,object[],System.Exception&)
at System.Reflection.MonoMethod.Invoke (System.Object obj, BindingFlags invokeAttr, System.Reflection.Binder binder, System.Object[] parameters, System.Globalization.CultureInfo culture) [0x00000] in <filename unknown>:0
]]></stack-trace>
                        </failure>
                      </test-case>
                      <test-case name="presto.boa.runtime.TestAdd.testAddInteger" executed="True" success="False" time="0.003" asserts="1">
                        <failure>
                          <message><![CDATA[System.NullReferenceException : Object reference not set to an instance of an object]]></message>
                          <stack-trace><![CDATA[at presto.declaration.BaseMethodDeclaration.register (presto.runtime.Context context) [0x00000] in <filename unknown>:0
at presto.grammar.DeclarationList.register (presto.runtime.Context context) [0x00000] in <filename unknown>:0
at presto.parser.BaseBoaParserTest.loadResource (System.String resourceName) [0x00000] in <filename unknown>:0
at presto.parser.BaseBoaParserTest.runResource (System.String resourceName) [0x00000] in <filename unknown>:0
at presto.parser.BaseBoaParserTest.CheckOutput (System.String resourceName) [0x00000] in <filename unknown>:0
at presto.boa.runtime.TestAdd.testAddInteger () [0x00000] in <filename unknown>:0
at (wrapper managed-to-native) System.Reflection.MonoMethod:InternalInvoke (System.Reflection.MonoMethod,object,object[],System.Exception&)
at System.Reflection.MonoMethod.Invoke (System.Object obj, BindingFlags invokeAttr, System.Reflection.Binder binder, System.Object[] parameters, System.Globalization.CultureInfo culture) [0x00000] in <filename unknown>:0
]]></stack-trace>
                        </failure>
                      </test-case>
                      <test-case name="presto.boa.runtime.TestAdd.testAddList" executed="True" success="False" time="0.008" asserts="1">
                        <failure>
                          <message><![CDATA[System.NullReferenceException : Object reference not set to an instance of an object]]></message>
                          <stack-trace><![CDATA[at presto.declaration.BaseMethodDeclaration.register (presto.runtime.Context context) [0x00000] in <filename unknown>:0
at presto.grammar.DeclarationList.register (presto.runtime.Context context) [0x00000] in <filename unknown>:0
at presto.parser.BaseBoaParserTest.loadResource (System.String resourceName) [0x00000] in <filename unknown>:0
at presto.parser.BaseBoaParserTest.runResource (System.String resourceName) [0x00000] in <filename unknown>:0
at presto.parser.BaseBoaParserTest.CheckOutput (System.String resourceName) [0x00000] in <filename unknown>:0
at presto.boa.runtime.TestAdd.testAddList () [0x00000] in <filename unknown>:0
at (wrapper managed-to-native) System.Reflection.MonoMethod:InternalInvoke (System.Reflection.MonoMethod,object,object[],System.Exception&)
at System.Reflection.MonoMethod.Invoke (System.Object obj, BindingFlags invokeAttr, System.Reflection.Binder binder, System.Object[] parameters, System.Globalization.CultureInfo culture) [0x00000] in <filename unknown>:0
]]></stack-trace>
                        </failure>
                      </test-case>
                      <test-case name="presto.boa.runtime.TestAdd.testAddPeriod" executed="True" success="False" time="0.002" asserts="1">
                        <failure>
                          <message><![CDATA[System.NullReferenceException : Object reference not set to an instance of an object]]></message>
                          <stack-trace><![CDATA[at presto.declaration.BaseMethodDeclaration.register (presto.runtime.Context context) [0x00000] in <filename unknown>:0
at presto.grammar.DeclarationList.register (presto.runtime.Context context) [0x00000] in <filename unknown>:0
at presto.parser.BaseBoaParserTest.loadResource (System.String resourceName) [0x00000] in <filename unknown>:0
at presto.parser.BaseBoaParserTest.runResource (System.String resourceName) [0x00000] in <filename unknown>:0
at presto.parser.BaseBoaParserTest.CheckOutput (System.String resourceName) [0x00000] in <filename unknown>:0
at presto.boa.runtime.TestAdd.testAddPeriod () [0x00000] in <filename unknown>:0
at (wrapper managed-to-native) System.Reflection.MonoMethod:InternalInvoke (System.Reflection.MonoMethod,object,object[],System.Exception&)
at System.Reflection.MonoMethod.Invoke (System.Object obj, BindingFlags invokeAttr, System.Reflection.Binder binder, System.Object[] parameters, System.Globalization.CultureInfo culture) [0x00000] in <filename unknown>:0
]]></stack-trace>
                        </failure>
                      </test-case>
                      <test-case name="presto.boa.runtime.TestAdd.testAddText" executed="True" success="False" time="0.001" asserts="1">
                        <failure>
                          <message><![CDATA[System.NullReferenceException : Object reference not set to an instance of an object]]></message>
                          <stack-trace><![CDATA[at presto.declaration.BaseMethodDeclaration.register (presto.runtime.Context context) [0x00000] in <filename unknown>:0
at presto.grammar.DeclarationList.register (presto.runtime.Context context) [0x00000] in <filename unknown>:0
at presto.parser.BaseBoaParserTest.loadResource (System.String resourceName) [0x00000] in <filename unknown>:0
at presto.parser.BaseBoaParserTest.runResource (System.String resourceName) [0x00000] in <filename unknown>:0
at presto.parser.BaseBoaParserTest.CheckOutput (System.String resourceName) [0x00000] in <filename unknown>:0
at presto.boa.runtime.TestAdd.testAddText () [0x00000] in <filename unknown>:0
at (wrapper managed-to-native) System.Reflection.MonoMethod:InternalInvoke (System.Reflection.MonoMethod,object,object[],System.Exception&)
at System.Reflection.MonoMethod.Invoke (System.Object obj, BindingFlags invokeAttr, System.Reflection.Binder binder, System.Object[] parameters, System.Globalization.CultureInfo culture) [0x00000] in <filename unknown>:0
]]></stack-trace>
                        </failure>
                      </test-case>
                      <test-case name="presto.boa.runtime.TestAdd.testAddTime" executed="True" success="False" time="0.003" asserts="1">
                        <failure>
                          <message><![CDATA[System.NullReferenceException : Object reference not set to an instance of an object]]></message>
                          <stack-trace><![CDATA[at presto.declaration.BaseMethodDeclaration.register (presto.runtime.Context context) [0x00000] in <filename unknown>:0
at presto.grammar.DeclarationList.register (presto.runtime.Context context) [0x00000] in <filename unknown>:0
at presto.parser.BaseBoaParserTest.loadResource (System.String resourceName) [0x00000] in <filename unknown>:0
at presto.parser.BaseBoaParserTest.runResource (System.String resourceName) [0x00000] in <filename unknown>:0
at presto.parser.BaseBoaParserTest.CheckOutput (System.String resourceName) [0x00000] in <filename unknown>:0
at presto.boa.runtime.TestAdd.testAddTime () [0x00000] in <filename unknown>:0
at (wrapper managed-to-native) System.Reflection.MonoMethod:InternalInvoke (System.Reflection.MonoMethod,object,object[],System.Exception&)
at System.Reflection.MonoMethod.Invoke (System.Object obj, BindingFlags invokeAttr, System.Reflection.Binder binder, System.Object[] parameters, System.Globalization.CultureInfo culture) [0x00000] in <filename unknown>:0
]]></stack-trace>
                        </failure>
                      </test-case>
                      <test-case name="presto.boa.runtime.TestAdd.testAddTuple" executed="True" success="False" time="0.010" asserts="1">
                        <failure>
                          <message><![CDATA[System.NullReferenceException : Object reference not set to an instance of an object]]></message>
                          <stack-trace><![CDATA[at presto.declaration.BaseMethodDeclaration.register (presto.runtime.Context context) [0x00000] in <filename unknown>:0
at presto.grammar.DeclarationList.register (presto.runtime.Context context) [0x00000] in <filename unknown>:0
at presto.parser.BaseBoaParserTest.loadResource (System.String resourceName) [0x00000] in <filename unknown>:0
at presto.parser.BaseBoaParserTest.runResource (System.String resourceName) [0x00000] in <filename unknown>:0
at presto.parser.BaseBoaParserTest.CheckOutput (System.String resourceName) [0x00000] in <filename unknown>:0
at presto.boa.runtime.TestAdd.testAddTuple () [0x00000] in <filename unknown>:0
at (wrapper managed-to-native) System.Reflection.MonoMethod:InternalInvoke (System.Reflection.MonoMethod,object,object[],System.Exception&)
at System.Reflection.MonoMethod.Invoke (System.Object obj, BindingFlags invokeAttr, System.Reflection.Binder binder, System.Object[] parameters, System.Globalization.CultureInfo culture) [0x00000] in <filename unknown>:0
]]></stack-trace>
                        </failure>
                      </test-case>
                    </results>
                  </test-suite>
                  <test-suite name="TestAnonymousTypes" success="False" time="0.032" asserts="0">
                    <results>
                      <test-case name="presto.boa.runtime.TestAnonymousTypes.testAnonymousAnyType" executed="True" success="False" time="0.012" asserts="0">
                        <failure>
                          <message><![CDATA[System.NullReferenceException : Object reference not set to an instance of an object]]></message>
                          <stack-trace><![CDATA[at presto.declaration.AttributeDeclaration.register (presto.runtime.Context context) [0x00000] in <filename unknown>:0
at presto.grammar.DeclarationList.register (presto.runtime.Context context) [0x00000] in <filename unknown>:0
at presto.boa.runtime.TestAnonymousTypes.register () [0x00000] in <filename unknown>:0
at (wrapper managed-to-native) System.Reflection.MonoMethod:InternalInvoke (System.Reflection.MonoMethod,object,object[],System.Exception&)
at System.Reflection.MonoMethod.Invoke (System.Object obj, BindingFlags invokeAttr, System.Reflection.Binder binder, System.Object[] parameters, System.Globalization.CultureInfo culture) [0x00000] in <filename unknown>:0
]]></stack-trace>
                        </failure>
                      </test-case>
                      <test-case name="presto.boa.runtime.TestAnonymousTypes.testAnonymousAnyTypeWithAttribute" executed="True" success="False" time="0.001" asserts="0">
                        <failure>
                          <message><![CDATA[System.NullReferenceException : Object reference not set to an instance of an object]]></message>
                          <stack-trace><![CDATA[at presto.declaration.AttributeDeclaration.register (presto.runtime.Context context) [0x00000] in <filename unknown>:0
at presto.grammar.DeclarationList.register (presto.runtime.Context context) [0x00000] in <filename unknown>:0
at presto.boa.runtime.TestAnonymousTypes.register () [0x00000] in <filename unknown>:0
at (wrapper managed-to-native) System.Reflection.MonoMethod:InternalInvoke (System.Reflection.MonoMethod,object,object[],System.Exception&)
at System.Reflection.MonoMethod.Invoke (System.Object obj, BindingFlags invokeAttr, System.Reflection.Binder binder, System.Object[] parameters, System.Globalization.CultureInfo culture) [0x00000] in <filename unknown>:0
]]></stack-trace>
                        </failure>
                      </test-case>
                      <test-case name="presto.boa.runtime.TestAnonymousTypes.testAnonymousCategoryType" executed="True" success="False" time="0.000" asserts="0">
                        <failure>
                          <message><![CDATA[System.NullReferenceException : Object reference not set to an instance of an object]]></message>
                          <stack-trace><![CDATA[at presto.declaration.AttributeDeclaration.register (presto.runtime.Context context) [0x00000] in <filename unknown>:0
at presto.grammar.DeclarationList.register (presto.runtime.Context context) [0x00000] in <filename unknown>:0
at presto.boa.runtime.TestAnonymousTypes.register () [0x00000] in <filename unknown>:0
at (wrapper managed-to-native) System.Reflection.MonoMethod:InternalInvoke (System.Reflection.MonoMethod,object,object[],System.Exception&)
at System.Reflection.MonoMethod.Invoke (System.Object obj, BindingFlags invokeAttr, System.Reflection.Binder binder, System.Object[] parameters, System.Globalization.CultureInfo culture) [0x00000] in <filename unknown>:0
]]></stack-trace>
                        </failure>
                      </test-case>
                      <test-case name="presto.boa.runtime.TestAnonymousTypes.testAnonymousCategoryTypeWithAttribute" executed="True" success="False" time="0.000" asserts="0">
                        <failure>
                          <message><![CDATA[System.NullReferenceException : Object reference not set to an instance of an object]]></message>
                          <stack-trace><![CDATA[at presto.declaration.AttributeDeclaration.register (presto.runtime.Context context) [0x00000] in <filename unknown>:0
at presto.grammar.DeclarationList.register (presto.runtime.Context context) [0x00000] in <filename unknown>:0
at presto.boa.runtime.TestAnonymousTypes.register () [0x00000] in <filename unknown>:0
at (wrapper managed-to-native) System.Reflection.MonoMethod:InternalInvoke (System.Reflection.MonoMethod,object,object[],System.Exception&)
at System.Reflection.MonoMethod.Invoke (System.Object obj, BindingFlags invokeAttr, System.Reflection.Binder binder, System.Object[] parameters, System.Globalization.CultureInfo culture) [0x00000] in <filename unknown>:0
]]></stack-trace>
                        </failure>
                      </test-case>
                    </results>
                  </test-suite>
                  <test-suite name="TestBuiltIns" success="False" time="0.210" asserts="0">
                    <results>
                      <test-case name="presto.boa.runtime.TestBuiltIns.testDateDayOfMonth" executed="True" success="False" time="0.011" asserts="1">
                        <failure>
                          <message><![CDATA[System.NullReferenceException : Object reference not set to an instance of an object]]></message>
                          <stack-trace><![CDATA[at presto.declaration.BaseMethodDeclaration.register (presto.runtime.Context context) [0x00000] in <filename unknown>:0
at presto.grammar.DeclarationList.register (presto.runtime.Context context) [0x00000] in <filename unknown>:0
at presto.parser.BaseBoaParserTest.loadResource (System.String resourceName) [0x00000] in <filename unknown>:0
at presto.parser.BaseBoaParserTest.runResource (System.String resourceName) [0x00000] in <filename unknown>:0
at presto.parser.BaseBoaParserTest.CheckOutput (System.String resourceName) [0x00000] in <filename unknown>:0
at presto.boa.runtime.TestBuiltIns.testDateDayOfMonth () [0x00000] in <filename unknown>:0
at (wrapper managed-to-native) System.Reflection.MonoMethod:InternalInvoke (System.Reflection.MonoMethod,object,object[],System.Exception&)
at System.Reflection.MonoMethod.Invoke (System.Object obj, BindingFlags invokeAttr, System.Reflection.Binder binder, System.Object[] parameters, System.Globalization.CultureInfo culture) [0x00000] in <filename unknown>:0
]]></stack-trace>
                        </failure>
                      </test-case>
                      <test-case name="presto.boa.runtime.TestBuiltIns.testDateDayOfYear" executed="True" success="False" time="0.002" asserts="1">
                        <failure>
                          <message><![CDATA[System.NullReferenceException : Object reference not set to an instance of an object]]></message>
                          <stack-trace><![CDATA[at presto.declaration.BaseMethodDeclaration.register (presto.runtime.Context context) [0x00000] in <filename unknown>:0
at presto.grammar.DeclarationList.register (presto.runtime.Context context) [0x00000] in <filename unknown>:0
at presto.parser.BaseBoaParserTest.loadResource (System.String resourceName) [0x00000] in <filename unknown>:0
at presto.parser.BaseBoaParserTest.runResource (System.String resourceName) [0x00000] in <filename unknown>:0
at presto.parser.BaseBoaParserTest.CheckOutput (System.String resourceName) [0x00000] in <filename unknown>:0
at presto.boa.runtime.TestBuiltIns.testDateDayOfYear () [0x00000] in <filename unknown>:0
at (wrapper managed-to-native) System.Reflection.MonoMethod:InternalInvoke (System.Reflection.MonoMethod,object,object[],System.Exception&)
at System.Reflection.MonoMethod.Invoke (System.Object obj, BindingFlags invokeAttr, System.Reflection.Binder binder, System.Object[] parameters, System.Globalization.CultureInfo culture) [0x00000] in <filename unknown>:0
]]></stack-trace>
                        </failure>
                      </test-case>
                      <test-case name="presto.boa.runtime.TestBuiltIns.testDateMonth" executed="True" success="False" time="0.001" asserts="1">
                        <failure>
                          <message><![CDATA[System.NullReferenceException : Object reference not set to an instance of an object]]></message>
                          <stack-trace><![CDATA[at presto.declaration.BaseMethodDeclaration.register (presto.runtime.Context context) [0x00000] in <filename unknown>:0
at presto.grammar.DeclarationList.register (presto.runtime.Context context) [0x00000] in <filename unknown>:0
at presto.parser.BaseBoaParserTest.loadResource (System.String resourceName) [0x00000] in <filename unknown>:0
at presto.parser.BaseBoaParserTest.runResource (System.String resourceName) [0x00000] in <filename unknown>:0
at presto.parser.BaseBoaParserTest.CheckOutput (System.String resourceName) [0x00000] in <filename unknown>:0
at presto.boa.runtime.TestBuiltIns.testDateMonth () [0x00000] in <filename unknown>:0
at (wrapper managed-to-native) System.Reflection.MonoMethod:InternalInvoke (System.Reflection.MonoMethod,object,object[],System.Exception&)
at System.Reflection.MonoMethod.Invoke (System.Object obj, BindingFlags invokeAttr, System.Reflection.Binder binder, System.Object[] parameters, System.Globalization.CultureInfo culture) [0x00000] in <filename unknown>:0
]]></stack-trace>
                        </failure>
                      </test-case>
                      <test-case name="presto.boa.runtime.TestBuiltIns.testDateTimeDayOfMonth" executed="True" success="False" time="0.001" asserts="1">
                        <failure>
                          <message><![CDATA[System.NullReferenceException : Object reference not set to an instance of an object]]></message>
                          <stack-trace><![CDATA[at presto.declaration.BaseMethodDeclaration.register (presto.runtime.Context context) [0x00000] in <filename unknown>:0
at presto.grammar.DeclarationList.register (presto.runtime.Context context) [0x00000] in <filename unknown>:0
at presto.parser.BaseBoaParserTest.loadResource (System.String resourceName) [0x00000] in <filename unknown>:0
at presto.parser.BaseBoaParserTest.runResource (System.String resourceName) [0x00000] in <filename unknown>:0
at presto.parser.BaseBoaParserTest.CheckOutput (System.String resourceName) [0x00000] in <filename unknown>:0
at presto.boa.runtime.TestBuiltIns.testDateTimeDayOfMonth () [0x00000] in <filename unknown>:0
at (wrapper managed-to-native) System.Reflection.MonoMethod:InternalInvoke (System.Reflection.MonoMethod,object,object[],System.Exception&)
at System.Reflection.MonoMethod.Invoke (System.Object obj, BindingFlags invokeAttr, System.Reflection.Binder binder, System.Object[] parameters, System.Globalization.CultureInfo culture) [0x00000] in <filename unknown>:0
]]></stack-trace>
                        </failure>
                      </test-case>
                      <test-case name="presto.boa.runtime.TestBuiltIns.testDateTimeDayOfYear" executed="True" success="False" time="0.002" asserts="1">
                        <failure>
                          <message><![CDATA[System.NullReferenceException : Object reference not set to an instance of an object]]></message>
                          <stack-trace><![CDATA[at presto.declaration.BaseMethodDeclaration.register (presto.runtime.Context context) [0x00000] in <filename unknown>:0
at presto.grammar.DeclarationList.register (presto.runtime.Context context) [0x00000] in <filename unknown>:0
at presto.parser.BaseBoaParserTest.loadResource (System.String resourceName) [0x00000] in <filename unknown>:0
at presto.parser.BaseBoaParserTest.runResource (System.String resourceName) [0x00000] in <filename unknown>:0
at presto.parser.BaseBoaParserTest.CheckOutput (System.String resourceName) [0x00000] in <filename unknown>:0
at presto.boa.runtime.TestBuiltIns.testDateTimeDayOfYear () [0x00000] in <filename unknown>:0
at (wrapper managed-to-native) System.Reflection.MonoMethod:InternalInvoke (System.Reflection.MonoMethod,object,object[],System.Exception&)
at System.Reflection.MonoMethod.Invoke (System.Object obj, BindingFlags invokeAttr, System.Reflection.Binder binder, System.Object[] parameters, System.Globalization.CultureInfo culture) [0x00000] in <filename unknown>:0
]]></stack-trace>
                        </failure>
                      </test-case>
                      <test-case name="presto.boa.runtime.TestBuiltIns.testDateTimeHour" executed="True" success="False" time="0.001" asserts="1">
                        <failure>
                          <message><![CDATA[System.NullReferenceException : Object reference not set to an instance of an object]]></message>
                          <stack-trace><![CDATA[at presto.declaration.BaseMethodDeclaration.register (presto.runtime.Context context) [0x00000] in <filename unknown>:0
at presto.grammar.DeclarationList.register (presto.runtime.Context context) [0x00000] in <filename unknown>:0
at presto.parser.BaseBoaParserTest.loadResource (System.String resourceName) [0x00000] in <filename unknown>:0
at presto.parser.BaseBoaParserTest.runResource (System.String resourceName) [0x00000] in <filename unknown>:0
at presto.parser.BaseBoaParserTest.CheckOutput (System.String resourceName) [0x00000] in <filename unknown>:0
at presto.boa.runtime.TestBuiltIns.testDateTimeHour () [0x00000] in <filename unknown>:0
at (wrapper managed-to-native) System.Reflection.MonoMethod:InternalInvoke (System.Reflection.MonoMethod,object,object[],System.Exception&)
at System.Reflection.MonoMethod.Invoke (System.Object obj, BindingFlags invokeAttr, System.Reflection.Binder binder, System.Object[] parameters, System.Globalization.CultureInfo culture) [0x00000] in <filename unknown>:0
]]></stack-trace>
                        </failure>
                      </test-case>
                      <test-case name="presto.boa.runtime.TestBuiltIns.testDateTimeMinute" executed="True" success="False" time="0.001" asserts="1">
                        <failure>
                          <message><![CDATA[System.NullReferenceException : Object reference not set to an instance of an object]]></message>
                          <stack-trace><![CDATA[at presto.declaration.BaseMethodDeclaration.register (presto.runtime.Context context) [0x00000] in <filename unknown>:0
at presto.grammar.DeclarationList.register (presto.runtime.Context context) [0x00000] in <filename unknown>:0
at presto.parser.BaseBoaParserTest.loadResource (System.String resourceName) [0x00000] in <filename unknown>:0
at presto.parser.BaseBoaParserTest.runResource (System.String resourceName) [0x00000] in <filename unknown>:0
at presto.parser.BaseBoaParserTest.CheckOutput (System.String resourceName) [0x00000] in <filename unknown>:0
at presto.boa.runtime.TestBuiltIns.testDateTimeMinute () [0x00000] in <filename unknown>:0
at (wrapper managed-to-native) System.Reflection.MonoMethod:InternalInvoke (System.Reflection.MonoMethod,object,object[],System.Exception&)
at System.Reflection.MonoMethod.Invoke (System.Object obj, BindingFlags invokeAttr, System.Reflection.Binder binder, System.Object[] parameters, System.Globalization.CultureInfo culture) [0x00000] in <filename unknown>:0
]]></stack-trace>
                        </failure>
                      </test-case>
                      <test-case name="presto.boa.runtime.TestBuiltIns.testDateTimeMonth" executed="True" success="False" time="0.001" asserts="1">
                        <failure>
                          <message><![CDATA[System.NullReferenceException : Object reference not set to an instance of an object]]></message>
                          <stack-trace><![CDATA[at presto.declaration.BaseMethodDeclaration.register (presto.runtime.Context context) [0x00000] in <filename unknown>:0
at presto.grammar.DeclarationList.register (presto.runtime.Context context) [0x00000] in <filename unknown>:0
at presto.parser.BaseBoaParserTest.loadResource (System.String resourceName) [0x00000] in <filename unknown>:0
at presto.parser.BaseBoaParserTest.runResource (System.String resourceName) [0x00000] in <filename unknown>:0
at presto.parser.BaseBoaParserTest.CheckOutput (System.String resourceName) [0x00000] in <filename unknown>:0
at presto.boa.runtime.TestBuiltIns.testDateTimeMonth () [0x00000] in <filename unknown>:0
at (wrapper managed-to-native) System.Reflection.MonoMethod:InternalInvoke (System.Reflection.MonoMethod,object,object[],System.Exception&)
at System.Reflection.MonoMethod.Invoke (System.Object obj, BindingFlags invokeAttr, System.Reflection.Binder binder, System.Object[] parameters, System.Globalization.CultureInfo culture) [0x00000] in <filename unknown>:0
]]></stack-trace>
                        </failure>
                      </test-case>
                      <test-case name="presto.boa.runtime.TestBuiltIns.testDateTimeSecond" executed="True" success="False" time="0.001" asserts="1">
                        <failure>
                          <message><![CDATA[System.NullReferenceException : Object reference not set to an instance of an object]]></message>
                          <stack-trace><![CDATA[at presto.declaration.BaseMethodDeclaration.register (presto.runtime.Context context) [0x00000] in <filename unknown>:0
at presto.grammar.DeclarationList.register (presto.runtime.Context context) [0x00000] in <filename unknown>:0
at presto.parser.BaseBoaParserTest.loadResource (System.String resourceName) [0x00000] in <filename unknown>:0
at presto.parser.BaseBoaParserTest.runResource (System.String resourceName) [0x00000] in <filename unknown>:0
at presto.parser.BaseBoaParserTest.CheckOutput (System.String resourceName) [0x00000] in <filename unknown>:0
at presto.boa.runtime.TestBuiltIns.testDateTimeSecond () [0x00000] in <filename unknown>:0
at (wrapper managed-to-native) System.Reflection.MonoMethod:InternalInvoke (System.Reflection.MonoMethod,object,object[],System.Exception&)
at System.Reflection.MonoMethod.Invoke (System.Object obj, BindingFlags invokeAttr, System.Reflection.Binder binder, System.Object[] parameters, System.Globalization.CultureInfo culture) [0x00000] in <filename unknown>:0
]]></stack-trace>
                        </failure>
                      </test-case>
                      <test-case name="presto.boa.runtime.TestBuiltIns.testDateTimeTZName" executed="True" success="False" time="0.002" asserts="1">
                        <failure>
                          <message><![CDATA[System.NullReferenceException : Object reference not set to an instance of an object]]></message>
                          <stack-trace><![CDATA[at presto.declaration.BaseMethodDeclaration.register (presto.runtime.Context context) [0x00000] in <filename unknown>:0
at presto.grammar.DeclarationList.register (presto.runtime.Context context) [0x00000] in <filename unknown>:0
at presto.parser.BaseBoaParserTest.loadResource (System.String resourceName) [0x00000] in <filename unknown>:0
at presto.parser.BaseBoaParserTest.runResource (System.String resourceName) [0x00000] in <filename unknown>:0
at presto.boa.runtime.TestBuiltIns.testDateTimeTZName () [0x00000] in <filename unknown>:0
at (wrapper managed-to-native) System.Reflection.MonoMethod:InternalInvoke (System.Reflection.MonoMethod,object,object[],System.Exception&)
at System.Reflection.MonoMethod.Invoke (System.Object obj, BindingFlags invokeAttr, System.Reflection.Binder binder, System.Object[] parameters, System.Globalization.CultureInfo culture) [0x00000] in <filename unknown>:0
]]></stack-trace>
                        </failure>
                      </test-case>
                      <test-case name="presto.boa.runtime.TestBuiltIns.testDateTimeTZOffset" executed="True" success="False" time="0.001" asserts="1">
                        <failure>
                          <message><![CDATA[System.NullReferenceException : Object reference not set to an instance of an object]]></message>
                          <stack-trace><![CDATA[at presto.declaration.BaseMethodDeclaration.register (presto.runtime.Context context) [0x00000] in <filename unknown>:0
at presto.grammar.DeclarationList.register (presto.runtime.Context context) [0x00000] in <filename unknown>:0
at presto.parser.BaseBoaParserTest.loadResource (System.String resourceName) [0x00000] in <filename unknown>:0
at presto.parser.BaseBoaParserTest.runResource (System.String resourceName) [0x00000] in <filename unknown>:0
at presto.parser.BaseBoaParserTest.CheckOutput (System.String resourceName) [0x00000] in <filename unknown>:0
at presto.boa.runtime.TestBuiltIns.testDateTimeTZOffset () [0x00000] in <filename unknown>:0
at (wrapper managed-to-native) System.Reflection.MonoMethod:InternalInvoke (System.Reflection.MonoMethod,object,object[],System.Exception&)
at System.Reflection.MonoMethod.Invoke (System.Object obj, BindingFlags invokeAttr, System.Reflection.Binder binder, System.Object[] parameters, System.Globalization.CultureInfo culture) [0x00000] in <filename unknown>:0
]]></stack-trace>
                        </failure>
                      </test-case>
                      <test-case name="presto.boa.runtime.TestBuiltIns.testDateTimeYear" executed="True" success="False" time="0.001" asserts="1">
                        <failure>
                          <message><![CDATA[System.NullReferenceException : Object reference not set to an instance of an object]]></message>
                          <stack-trace><![CDATA[at presto.declaration.BaseMethodDeclaration.register (presto.runtime.Context context) [0x00000] in <filename unknown>:0
at presto.grammar.DeclarationList.register (presto.runtime.Context context) [0x00000] in <filename unknown>:0
at presto.parser.BaseBoaParserTest.loadResource (System.String resourceName) [0x00000] in <filename unknown>:0
at presto.parser.BaseBoaParserTest.runResource (System.String resourceName) [0x00000] in <filename unknown>:0
at presto.parser.BaseBoaParserTest.CheckOutput (System.String resourceName) [0x00000] in <filename unknown>:0
at presto.boa.runtime.TestBuiltIns.testDateTimeYear () [0x00000] in <filename unknown>:0
at (wrapper managed-to-native) System.Reflection.MonoMethod:InternalInvoke (System.Reflection.MonoMethod,object,object[],System.Exception&)
at System.Reflection.MonoMethod.Invoke (System.Object obj, BindingFlags invokeAttr, System.Reflection.Binder binder, System.Object[] parameters, System.Globalization.CultureInfo culture) [0x00000] in <filename unknown>:0
]]></stack-trace>
                        </failure>
                      </test-case>
                      <test-case name="presto.boa.runtime.TestBuiltIns.testDateYear" executed="True" success="False" time="0.002" asserts="1">
                        <failure>
                          <message><![CDATA[System.NullReferenceException : Object reference not set to an instance of an object]]></message>
                          <stack-trace><![CDATA[at presto.declaration.BaseMethodDeclaration.register (presto.runtime.Context context) [0x00000] in <filename unknown>:0
at presto.grammar.DeclarationList.register (presto.runtime.Context context) [0x00000] in <filename unknown>:0
at presto.parser.BaseBoaParserTest.loadResource (System.String resourceName) [0x00000] in <filename unknown>:0
at presto.parser.BaseBoaParserTest.runResource (System.String resourceName) [0x00000] in <filename unknown>:0
at presto.parser.BaseBoaParserTest.CheckOutput (System.String resourceName) [0x00000] in <filename unknown>:0
at presto.boa.runtime.TestBuiltIns.testDateYear () [0x00000] in <filename unknown>:0
at (wrapper managed-to-native) System.Reflection.MonoMethod:InternalInvoke (System.Reflection.MonoMethod,object,object[],System.Exception&)
at System.Reflection.MonoMethod.Invoke (System.Object obj, BindingFlags invokeAttr, System.Reflection.Binder binder, System.Object[] parameters, System.Globalization.CultureInfo culture) [0x00000] in <filename unknown>:0
]]></stack-trace>
                        </failure>
                      </test-case>
                      <test-case name="presto.boa.runtime.TestBuiltIns.testDictLength" executed="True" success="False" time="0.002" asserts="1">
                        <failure>
                          <message><![CDATA[System.NullReferenceException : Object reference not set to an instance of an object]]></message>
                          <stack-trace><![CDATA[at presto.declaration.BaseMethodDeclaration.register (presto.runtime.Context context) [0x00000] in <filename unknown>:0
at presto.grammar.DeclarationList.register (presto.runtime.Context context) [0x00000] in <filename unknown>:0
at presto.parser.BaseBoaParserTest.loadResource (System.String resourceName) [0x00000] in <filename unknown>:0
at presto.parser.BaseBoaParserTest.runResource (System.String resourceName) [0x00000] in <filename unknown>:0
at presto.parser.BaseBoaParserTest.CheckOutput (System.String resourceName) [0x00000] in <filename unknown>:0
at presto.boa.runtime.TestBuiltIns.testDictLength () [0x00000] in <filename unknown>:0
at (wrapper managed-to-native) System.Reflection.MonoMethod:InternalInvoke (System.Reflection.MonoMethod,object,object[],System.Exception&)
at System.Reflection.MonoMethod.Invoke (System.Object obj, BindingFlags invokeAttr, System.Reflection.Binder binder, System.Object[] parameters, System.Globalization.CultureInfo culture) [0x00000] in <filename unknown>:0
]]></stack-trace>
                        </failure>
                      </test-case>
                      <test-case name="presto.boa.runtime.TestBuiltIns.testEnumName" executed="True" success="False" time="0.018" asserts="1">
                        <failure>
                          <message><![CDATA[System.NullReferenceException : Object reference not set to an instance of an object]]></message>
                          <stack-trace><![CDATA[at presto.declaration.EnumeratedNativeDeclaration.register (presto.runtime.Context context) [0x00000] in <filename unknown>:0
at presto.grammar.DeclarationList.register (presto.runtime.Context context) [0x00000] in <filename unknown>:0
at presto.parser.BaseBoaParserTest.loadResource (System.String resourceName) [0x00000] in <filename unknown>:0
at presto.parser.BaseBoaParserTest.runResource (System.String resourceName) [0x00000] in <filename unknown>:0
at presto.parser.BaseBoaParserTest.CheckOutput (System.String resourceName) [0x00000] in <filename unknown>:0
at presto.boa.runtime.TestBuiltIns.testEnumName () [0x00000] in <filename unknown>:0
at (wrapper managed-to-native) System.Reflection.MonoMethod:InternalInvoke (System.Reflection.MonoMethod,object,object[],System.Exception&)
at System.Reflection.MonoMethod.Invoke (System.Object obj, BindingFlags invokeAttr, System.Reflection.Binder binder, System.Object[] parameters, System.Globalization.CultureInfo culture) [0x00000] in <filename unknown>:0
]]></stack-trace>
                        </failure>
                      </test-case>
                      <test-case name="presto.boa.runtime.TestBuiltIns.testEnumSymbols" executed="True" success="False" time="0.007" asserts="1">
                        <failure>
                          <message><![CDATA[System.NullReferenceException : Object reference not set to an instance of an object]]></message>
                          <stack-trace><![CDATA[at presto.declaration.EnumeratedNativeDeclaration.register (presto.runtime.Context context) [0x00000] in <filename unknown>:0
at presto.grammar.DeclarationList.register (presto.runtime.Context context) [0x00000] in <filename unknown>:0
at presto.parser.BaseBoaParserTest.loadResource (System.String resourceName) [0x00000] in <filename unknown>:0
at presto.parser.BaseBoaParserTest.runResource (System.String resourceName) [0x00000] in <filename unknown>:0
at presto.parser.BaseBoaParserTest.CheckOutput (System.String resourceName) [0x00000] in <filename unknown>:0
at presto.boa.runtime.TestBuiltIns.testEnumSymbols () [0x00000] in <filename unknown>:0
at (wrapper managed-to-native) System.Reflection.MonoMethod:InternalInvoke (System.Reflection.MonoMethod,object,object[],System.Exception&)
at System.Reflection.MonoMethod.Invoke (System.Object obj, BindingFlags invokeAttr, System.Reflection.Binder binder, System.Object[] parameters, System.Globalization.CultureInfo culture) [0x00000] in <filename unknown>:0
]]></stack-trace>
                        </failure>
                      </test-case>
                      <test-case name="presto.boa.runtime.TestBuiltIns.testEnumValue" executed="True" success="False" time="0.002" asserts="1">
                        <failure>
                          <message><![CDATA[System.NullReferenceException : Object reference not set to an instance of an object]]></message>
                          <stack-trace><![CDATA[at presto.declaration.EnumeratedNativeDeclaration.register (presto.runtime.Context context) [0x00000] in <filename unknown>:0
at presto.grammar.DeclarationList.register (presto.runtime.Context context) [0x00000] in <filename unknown>:0
at presto.parser.BaseBoaParserTest.loadResource (System.String resourceName) [0x00000] in <filename unknown>:0
at presto.parser.BaseBoaParserTest.runResource (System.String resourceName) [0x00000] in <filename unknown>:0
at presto.parser.BaseBoaParserTest.CheckOutput (System.String resourceName) [0x00000] in <filename unknown>:0
at presto.boa.runtime.TestBuiltIns.testEnumValue () [0x00000] in <filename unknown>:0
at (wrapper managed-to-native) System.Reflection.MonoMethod:InternalInvoke (System.Reflection.MonoMethod,object,object[],System.Exception&)
at System.Reflection.MonoMethod.Invoke (System.Object obj, BindingFlags invokeAttr, System.Reflection.Binder binder, System.Object[] parameters, System.Globalization.CultureInfo culture) [0x00000] in <filename unknown>:0
]]></stack-trace>
                        </failure>
                      </test-case>
                      <test-case name="presto.boa.runtime.TestBuiltIns.testListLength" executed="True" success="False" time="0.001" asserts="1">
                        <failure>
                          <message><![CDATA[System.NullReferenceException : Object reference not set to an instance of an object]]></message>
                          <stack-trace><![CDATA[at presto.declaration.BaseMethodDeclaration.register (presto.runtime.Context context) [0x00000] in <filename unknown>:0
at presto.grammar.DeclarationList.register (presto.runtime.Context context) [0x00000] in <filename unknown>:0
at presto.parser.BaseBoaParserTest.loadResource (System.String resourceName) [0x00000] in <filename unknown>:0
at presto.parser.BaseBoaParserTest.runResource (System.String resourceName) [0x00000] in <filename unknown>:0
at presto.parser.BaseBoaParserTest.CheckOutput (System.String resourceName) [0x00000] in <filename unknown>:0
at presto.boa.runtime.TestBuiltIns.testListLength () [0x00000] in <filename unknown>:0
at (wrapper managed-to-native) System.Reflection.MonoMethod:InternalInvoke (System.Reflection.MonoMethod,object,object[],System.Exception&)
at System.Reflection.MonoMethod.Invoke (System.Object obj, BindingFlags invokeAttr, System.Reflection.Binder binder, System.Object[] parameters, System.Globalization.CultureInfo culture) [0x00000] in <filename unknown>:0
]]></stack-trace>
                        </failure>
                      </test-case>
                      <test-case name="presto.boa.runtime.TestBuiltIns.testTextLength" executed="True" success="False" time="0.002" asserts="1">
                        <failure>
                          <message><![CDATA[System.NullReferenceException : Object reference not set to an instance of an object]]></message>
                          <stack-trace><![CDATA[at presto.declaration.BaseMethodDeclaration.register (presto.runtime.Context context) [0x00000] in <filename unknown>:0
at presto.grammar.DeclarationList.register (presto.runtime.Context context) [0x00000] in <filename unknown>:0
at presto.parser.BaseBoaParserTest.loadResource (System.String resourceName) [0x00000] in <filename unknown>:0
at presto.parser.BaseBoaParserTest.runResource (System.String resourceName) [0x00000] in <filename unknown>:0
at presto.parser.BaseBoaParserTest.CheckOutput (System.String resourceName) [0x00000] in <filename unknown>:0
at presto.boa.runtime.TestBuiltIns.testTextLength () [0x00000] in <filename unknown>:0
at (wrapper managed-to-native) System.Reflection.MonoMethod:InternalInvoke (System.Reflection.MonoMethod,object,object[],System.Exception&)
at System.Reflection.MonoMethod.Invoke (System.Object obj, BindingFlags invokeAttr, System.Reflection.Binder binder, System.Object[] parameters, System.Globalization.CultureInfo culture) [0x00000] in <filename unknown>:0
]]></stack-trace>
                        </failure>
                      </test-case>
                      <test-case name="presto.boa.runtime.TestBuiltIns.testTimeHour" executed="True" success="False" time="0.001" asserts="1">
                        <failure>
                          <message><![CDATA[System.NullReferenceException : Object reference not set to an instance of an object]]></message>
                          <stack-trace><![CDATA[at presto.declaration.BaseMethodDeclaration.register (presto.runtime.Context context) [0x00000] in <filename unknown>:0
at presto.grammar.DeclarationList.register (presto.runtime.Context context) [0x00000] in <filename unknown>:0
at presto.parser.BaseBoaParserTest.loadResource (System.String resourceName) [0x00000] in <filename unknown>:0
at presto.parser.BaseBoaParserTest.runResource (System.String resourceName) [0x00000] in <filename unknown>:0
at presto.parser.BaseBoaParserTest.CheckOutput (System.String resourceName) [0x00000] in <filename unknown>:0
at presto.boa.runtime.TestBuiltIns.testTimeHour () [0x00000] in <filename unknown>:0
at (wrapper managed-to-native) System.Reflection.MonoMethod:InternalInvoke (System.Reflection.MonoMethod,object,object[],System.Exception&)
at System.Reflection.MonoMethod.Invoke (System.Object obj, BindingFlags invokeAttr, System.Reflection.Binder binder, System.Object[] parameters, System.Globalization.CultureInfo culture) [0x00000] in <filename unknown>:0
]]></stack-trace>
                        </failure>
                      </test-case>
                      <test-case name="presto.boa.runtime.TestBuiltIns.testTimeMinute" executed="True" success="False" time="0.001" asserts="1">
                        <failure>
                          <message><![CDATA[System.NullReferenceException : Object reference not set to an instance of an object]]></message>
                          <stack-trace><![CDATA[at presto.declaration.BaseMethodDeclaration.register (presto.runtime.Context context) [0x00000] in <filename unknown>:0
at presto.grammar.DeclarationList.register (presto.runtime.Context context) [0x00000] in <filename unknown>:0
at presto.parser.BaseBoaParserTest.loadResource (System.String resourceName) [0x00000] in <filename unknown>:0
at presto.parser.BaseBoaParserTest.runResource (System.String resourceName) [0x00000] in <filename unknown>:0
at presto.parser.BaseBoaParserTest.CheckOutput (System.String resourceName) [0x00000] in <filename unknown>:0
at presto.boa.runtime.TestBuiltIns.testTimeMinute () [0x00000] in <filename unknown>:0
at (wrapper managed-to-native) System.Reflection.MonoMethod:InternalInvoke (System.Reflection.MonoMethod,object,object[],System.Exception&)
at System.Reflection.MonoMethod.Invoke (System.Object obj, BindingFlags invokeAttr, System.Reflection.Binder binder, System.Object[] parameters, System.Globalization.CultureInfo culture) [0x00000] in <filename unknown>:0
]]></stack-trace>
                        </failure>
                      </test-case>
                      <test-case name="presto.boa.runtime.TestBuiltIns.testTimeSecond" executed="True" success="False" time="0.001" asserts="1">
                        <failure>
                          <message><![CDATA[System.NullReferenceException : Object reference not set to an instance of an object]]></message>
                          <stack-trace><![CDATA[at presto.declaration.BaseMethodDeclaration.register (presto.runtime.Context context) [0x00000] in <filename unknown>:0
at presto.grammar.DeclarationList.register (presto.runtime.Context context) [0x00000] in <filename unknown>:0
at presto.parser.BaseBoaParserTest.loadResource (System.String resourceName) [0x00000] in <filename unknown>:0
at presto.parser.BaseBoaParserTest.runResource (System.String resourceName) [0x00000] in <filename unknown>:0
at presto.parser.BaseBoaParserTest.CheckOutput (System.String resourceName) [0x00000] in <filename unknown>:0
at presto.boa.runtime.TestBuiltIns.testTimeSecond () [0x00000] in <filename unknown>:0
at (wrapper managed-to-native) System.Reflection.MonoMethod:InternalInvoke (System.Reflection.MonoMethod,object,object[],System.Exception&)
at System.Reflection.MonoMethod.Invoke (System.Object obj, BindingFlags invokeAttr, System.Reflection.Binder binder, System.Object[] parameters, System.Globalization.CultureInfo culture) [0x00000] in <filename unknown>:0
]]></stack-trace>
                        </failure>
                      </test-case>
                      <test-case name="presto.boa.runtime.TestBuiltIns.testTupleLength" executed="True" success="False" time="0.007" asserts="1">
                        <failure>
                          <message><![CDATA[System.NullReferenceException : Object reference not set to an instance of an object]]></message>
                          <stack-trace><![CDATA[at presto.declaration.BaseMethodDeclaration.register (presto.runtime.Context context) [0x00000] in <filename unknown>:0
at presto.grammar.DeclarationList.register (presto.runtime.Context context) [0x00000] in <filename unknown>:0
at presto.parser.BaseBoaParserTest.loadResource (System.String resourceName) [0x00000] in <filename unknown>:0
at presto.parser.BaseBoaParserTest.runResource (System.String resourceName) [0x00000] in <filename unknown>:0
at presto.parser.BaseBoaParserTest.CheckOutput (System.String resourceName) [0x00000] in <filename unknown>:0
at presto.boa.runtime.TestBuiltIns.testTupleLength () [0x00000] in <filename unknown>:0
at (wrapper managed-to-native) System.Reflection.MonoMethod:InternalInvoke (System.Reflection.MonoMethod,object,object[],System.Exception&)
at System.Reflection.MonoMethod.Invoke (System.Object obj, BindingFlags invokeAttr, System.Reflection.Binder binder, System.Object[] parameters, System.Globalization.CultureInfo culture) [0x00000] in <filename unknown>:0
]]></stack-trace>
                        </failure>
                      </test-case>
                    </results>
                  </test-suite>
                  <test-suite name="TestCategories" success="False" time="0.052" asserts="0">
                    <results>
                      <test-case name="presto.boa.runtime.TestCategories.testCopyFromAscendant" executed="True" success="False" time="0.019" asserts="1">
                        <failure>
                          <message><![CDATA[System.NullReferenceException : Object reference not set to an instance of an object]]></message>
                          <stack-trace><![CDATA[at presto.declaration.AttributeDeclaration.register (presto.runtime.Context context) [0x00000] in <filename unknown>:0
at presto.grammar.DeclarationList.register (presto.runtime.Context context) [0x00000] in <filename unknown>:0
at presto.parser.BaseBoaParserTest.loadResource (System.String resourceName) [0x00000] in <filename unknown>:0
at presto.parser.BaseBoaParserTest.runResource (System.String resourceName) [0x00000] in <filename unknown>:0
at presto.parser.BaseBoaParserTest.CheckOutput (System.String resourceName) [0x00000] in <filename unknown>:0
at presto.boa.runtime.TestCategories.testCopyFromAscendant () [0x00000] in <filename unknown>:0
at (wrapper managed-to-native) System.Reflection.MonoMethod:InternalInvoke (System.Reflection.MonoMethod,object,object[],System.Exception&)
at System.Reflection.MonoMethod.Invoke (System.Object obj, BindingFlags invokeAttr, System.Reflection.Binder binder, System.Object[] parameters, System.Globalization.CultureInfo culture) [0x00000] in <filename unknown>:0
]]></stack-trace>
                        </failure>
                      </test-case>
                      <test-case name="presto.boa.runtime.TestCategories.testCopyFromAscendantWithOverride" executed="True" success="False" time="0.005" asserts="1">
                        <failure>
                          <message><![CDATA[System.NullReferenceException : Object reference not set to an instance of an object]]></message>
                          <stack-trace><![CDATA[at presto.declaration.AttributeDeclaration.register (presto.runtime.Context context) [0x00000] in <filename unknown>:0
at presto.grammar.DeclarationList.register (presto.runtime.Context context) [0x00000] in <filename unknown>:0
at presto.parser.BaseBoaParserTest.loadResource (System.String resourceName) [0x00000] in <filename unknown>:0
at presto.parser.BaseBoaParserTest.runResource (System.String resourceName) [0x00000] in <filename unknown>:0
at presto.parser.BaseBoaParserTest.CheckOutput (System.String resourceName) [0x00000] in <filename unknown>:0
at presto.boa.runtime.TestCategories.testCopyFromAscendantWithOverride () [0x00000] in <filename unknown>:0
at (wrapper managed-to-native) System.Reflection.MonoMethod:InternalInvoke (System.Reflection.MonoMethod,object,object[],System.Exception&)
at System.Reflection.MonoMethod.Invoke (System.Object obj, BindingFlags invokeAttr, System.Reflection.Binder binder, System.Object[] parameters, System.Globalization.CultureInfo culture) [0x00000] in <filename unknown>:0
]]></stack-trace>
                        </failure>
                      </test-case>
                      <test-case name="presto.boa.runtime.TestCategories.testCopyFromDescendant" executed="True" success="False" time="0.009" asserts="1">
                        <failure>
                          <message><![CDATA[System.NullReferenceException : Object reference not set to an instance of an object]]></message>
                          <stack-trace><![CDATA[at presto.declaration.AttributeDeclaration.register (presto.runtime.Context context) [0x00000] in <filename unknown>:0
at presto.grammar.DeclarationList.register (presto.runtime.Context context) [0x00000] in <filename unknown>:0
at presto.parser.BaseBoaParserTest.loadResource (System.String resourceName) [0x00000] in <filename unknown>:0
at presto.parser.BaseBoaParserTest.runResource (System.String resourceName) [0x00000] in <filename unknown>:0
at presto.parser.BaseBoaParserTest.CheckOutput (System.String resourceName) [0x00000] in <filename unknown>:0
at presto.boa.runtime.TestCategories.testCopyFromDescendant () [0x00000] in <filename unknown>:0
at (wrapper managed-to-native) System.Reflection.MonoMethod:InternalInvoke (System.Reflection.MonoMethod,object,object[],System.Exception&)
at System.Reflection.MonoMethod.Invoke (System.Object obj, BindingFlags invokeAttr, System.Reflection.Binder binder, System.Object[] parameters, System.Globalization.CultureInfo culture) [0x00000] in <filename unknown>:0
]]></stack-trace>
                        </failure>
                      </test-case>
                      <test-case name="presto.boa.runtime.TestCategories.testCopyFromDescendantWithOverride" executed="True" success="False" time="0.004" asserts="1">
                        <failure>
                          <message><![CDATA[System.NullReferenceException : Object reference not set to an instance of an object]]></message>
                          <stack-trace><![CDATA[at presto.declaration.AttributeDeclaration.register (presto.runtime.Context context) [0x00000] in <filename unknown>:0
at presto.grammar.DeclarationList.register (presto.runtime.Context context) [0x00000] in <filename unknown>:0
at presto.parser.BaseBoaParserTest.loadResource (System.String resourceName) [0x00000] in <filename unknown>:0
at presto.parser.BaseBoaParserTest.runResource (System.String resourceName) [0x00000] in <filename unknown>:0
at presto.parser.BaseBoaParserTest.CheckOutput (System.String resourceName) [0x00000] in <filename unknown>:0
at presto.boa.runtime.TestCategories.testCopyFromDescendantWithOverride () [0x00000] in <filename unknown>:0
at (wrapper managed-to-native) System.Reflection.MonoMethod:InternalInvoke (System.Reflection.MonoMethod,object,object[],System.Exception&)
at System.Reflection.MonoMethod.Invoke (System.Object obj, BindingFlags invokeAttr, System.Reflection.Binder binder, System.Object[] parameters, System.Globalization.CultureInfo culture) [0x00000] in <filename unknown>:0
]]></stack-trace>
                        </failure>
                      </test-case>
                    </results>
                  </test-suite>
                  <test-suite name="TestCheck" success="True" time="0.041" asserts="0">
                    <results>
                      <test-case name="presto.boa.runtime.TestCheck.testCategory" executed="True" success="True" time="0.005" asserts="0" />
                      <test-case name="presto.boa.runtime.TestCheck.testCategoryAttribute" executed="True" success="True" time="0.000" asserts="0" />
                      <test-case name="presto.boa.runtime.TestCheck.testCategoryWithUndeclaredAttribute" executed="True" success="True" time="0.000" asserts="0" />
                      <test-case name="presto.boa.runtime.TestCheck.testCategoryWithUndeclaredDerived" executed="True" success="True" time="0.000" asserts="0" />
                      <test-case name="presto.boa.runtime.TestCheck.testDict" executed="True" success="True" time="0.012" asserts="0" />
                      <test-case name="presto.boa.runtime.TestCheck.testList" executed="True" success="True" time="0.003" asserts="0" />
                      <test-case name="presto.boa.runtime.TestCheck.testMethod" executed="True" success="True" time="0.010" asserts="0" />
                      <test-case name="presto.boa.runtime.TestCheck.testMethodAttribute" executed="True" success="True" time="0.001" asserts="0" />
                      <test-case name="presto.boa.runtime.TestCheck.testMethodWithUndeclaredAttribute" executed="True" success="True" time="0.001" asserts="0" />
                      <test-case name="presto.boa.runtime.TestCheck.testNativeAttribute" executed="True" success="True" time="0.000" asserts="0" />
                      <test-case name="presto.boa.runtime.TestCheck.testUndeclaredCategoryAttribute" executed="True" success="True" time="0.000" asserts="0" />
                    </results>
                  </test-suite>
                  <test-suite name="TestClosures" success="False" time="0.043" asserts="0">
                    <results>
                      <test-case name="presto.boa.runtime.TestClosures.testGlobalClosureNoArg" executed="True" success="False" time="0.015" asserts="1">
                        <failure>
                          <message><![CDATA[System.NullReferenceException : Object reference not set to an instance of an object]]></message>
                          <stack-trace><![CDATA[at presto.declaration.BaseMethodDeclaration.register (presto.runtime.Context context) [0x00000] in <filename unknown>:0
at presto.grammar.DeclarationList.register (presto.runtime.Context context) [0x00000] in <filename unknown>:0
at presto.parser.BaseBoaParserTest.loadResource (System.String resourceName) [0x00000] in <filename unknown>:0
at presto.parser.BaseBoaParserTest.runResource (System.String resourceName) [0x00000] in <filename unknown>:0
at presto.parser.BaseBoaParserTest.CheckOutput (System.String resourceName) [0x00000] in <filename unknown>:0
at presto.boa.runtime.TestClosures.testGlobalClosureNoArg () [0x00000] in <filename unknown>:0
at (wrapper managed-to-native) System.Reflection.MonoMethod:InternalInvoke (System.Reflection.MonoMethod,object,object[],System.Exception&)
at System.Reflection.MonoMethod.Invoke (System.Object obj, BindingFlags invokeAttr, System.Reflection.Binder binder, System.Object[] parameters, System.Globalization.CultureInfo culture) [0x00000] in <filename unknown>:0
]]></stack-trace>
                        </failure>
                      </test-case>
                      <test-case name="presto.boa.runtime.TestClosures.testGlobalClosureWithArg" executed="True" success="False" time="0.003" asserts="1">
                        <failure>
                          <message><![CDATA[System.NullReferenceException : Object reference not set to an instance of an object]]></message>
                          <stack-trace><![CDATA[at presto.declaration.BaseMethodDeclaration.register (presto.runtime.Context context) [0x00000] in <filename unknown>:0
at presto.grammar.DeclarationList.register (presto.runtime.Context context) [0x00000] in <filename unknown>:0
at presto.parser.BaseBoaParserTest.loadResource (System.String resourceName) [0x00000] in <filename unknown>:0
at presto.parser.BaseBoaParserTest.runResource (System.String resourceName) [0x00000] in <filename unknown>:0
at presto.parser.BaseBoaParserTest.CheckOutput (System.String resourceName) [0x00000] in <filename unknown>:0
at presto.boa.runtime.TestClosures.testGlobalClosureWithArg () [0x00000] in <filename unknown>:0
at (wrapper managed-to-native) System.Reflection.MonoMethod:InternalInvoke (System.Reflection.MonoMethod,object,object[],System.Exception&)
at System.Reflection.MonoMethod.Invoke (System.Object obj, BindingFlags invokeAttr, System.Reflection.Binder binder, System.Object[] parameters, System.Globalization.CultureInfo culture) [0x00000] in <filename unknown>:0
]]></stack-trace>
                        </failure>
                      </test-case>
                      <test-case name="presto.boa.runtime.TestClosures.testInstanceClosureNoArg" executed="True" success="False" time="0.009" asserts="1">
                        <failure>
                          <message><![CDATA[System.NullReferenceException : Object reference not set to an instance of an object]]></message>
                          <stack-trace><![CDATA[at presto.declaration.BaseMethodDeclaration.register (presto.runtime.Context context) [0x00000] in <filename unknown>:0
at presto.grammar.DeclarationList.register (presto.runtime.Context context) [0x00000] in <filename unknown>:0
at presto.parser.BaseBoaParserTest.loadResource (System.String resourceName) [0x00000] in <filename unknown>:0
at presto.parser.BaseBoaParserTest.runResource (System.String resourceName) [0x00000] in <filename unknown>:0
at presto.parser.BaseBoaParserTest.CheckOutput (System.String resourceName) [0x00000] in <filename unknown>:0
at presto.boa.runtime.TestClosures.testInstanceClosureNoArg () [0x00000] in <filename unknown>:0
at (wrapper managed-to-native) System.Reflection.MonoMethod:InternalInvoke (System.Reflection.MonoMethod,object,object[],System.Exception&)
at System.Reflection.MonoMethod.Invoke (System.Object obj, BindingFlags invokeAttr, System.Reflection.Binder binder, System.Object[] parameters, System.Globalization.CultureInfo culture) [0x00000] in <filename unknown>:0
]]></stack-trace>
                        </failure>
                      </test-case>
                    </results>
                  </test-suite>
                  <test-suite name="TestConditions" success="False" time="0.042" asserts="0">
                    <results>
                      <test-case name="presto.boa.runtime.TestConditions.testComplexIf" executed="True" success="False" time="0.012" asserts="1">
                        <failure>
                          <message><![CDATA[System.NullReferenceException : Object reference not set to an instance of an object]]></message>
                          <stack-trace><![CDATA[at presto.declaration.BaseMethodDeclaration.register (presto.runtime.Context context) [0x00000] in <filename unknown>:0
at presto.grammar.DeclarationList.register (presto.runtime.Context context) [0x00000] in <filename unknown>:0
at presto.parser.BaseBoaParserTest.loadResource (System.String resourceName) [0x00000] in <filename unknown>:0
at presto.parser.BaseBoaParserTest.runResource (System.String resourceName) [0x00000] in <filename unknown>:0
at presto.parser.BaseBoaParserTest.CheckOutput (System.String resourceName) [0x00000] in <filename unknown>:0
at presto.boa.runtime.TestConditions.testComplexIf () [0x00000] in <filename unknown>:0
at (wrapper managed-to-native) System.Reflection.MonoMethod:InternalInvoke (System.Reflection.MonoMethod,object,object[],System.Exception&)
at System.Reflection.MonoMethod.Invoke (System.Object obj, BindingFlags invokeAttr, System.Reflection.Binder binder, System.Object[] parameters, System.Globalization.CultureInfo culture) [0x00000] in <filename unknown>:0
]]></stack-trace>
                        </failure>
                      </test-case>
                      <test-case name="presto.boa.runtime.TestConditions.testElseIf" executed="True" success="False" time="0.002" asserts="1">
                        <failure>
                          <message><![CDATA[System.NullReferenceException : Object reference not set to an instance of an object]]></message>
                          <stack-trace><![CDATA[at presto.declaration.BaseMethodDeclaration.register (presto.runtime.Context context) [0x00000] in <filename unknown>:0
at presto.grammar.DeclarationList.register (presto.runtime.Context context) [0x00000] in <filename unknown>:0
at presto.parser.BaseBoaParserTest.loadResource (System.String resourceName) [0x00000] in <filename unknown>:0
at presto.parser.BaseBoaParserTest.runResource (System.String resourceName) [0x00000] in <filename unknown>:0
at presto.parser.BaseBoaParserTest.CheckOutput (System.String resourceName) [0x00000] in <filename unknown>:0
at presto.boa.runtime.TestConditions.testElseIf () [0x00000] in <filename unknown>:0
at (wrapper managed-to-native) System.Reflection.MonoMethod:InternalInvoke (System.Reflection.MonoMethod,object,object[],System.Exception&)
at System.Reflection.MonoMethod.Invoke (System.Object obj, BindingFlags invokeAttr, System.Reflection.Binder binder, System.Object[] parameters, System.Globalization.CultureInfo culture) [0x00000] in <filename unknown>:0
]]></stack-trace>
                        </failure>
                      </test-case>
                      <test-case name="presto.boa.runtime.TestConditions.testSimpleIf" executed="True" success="False" time="0.002" asserts="1">
                        <failure>
                          <message><![CDATA[System.NullReferenceException : Object reference not set to an instance of an object]]></message>
                          <stack-trace><![CDATA[at presto.declaration.BaseMethodDeclaration.register (presto.runtime.Context context) [0x00000] in <filename unknown>:0
at presto.grammar.DeclarationList.register (presto.runtime.Context context) [0x00000] in <filename unknown>:0
at presto.parser.BaseBoaParserTest.loadResource (System.String resourceName) [0x00000] in <filename unknown>:0
at presto.parser.BaseBoaParserTest.runResource (System.String resourceName) [0x00000] in <filename unknown>:0
at presto.parser.BaseBoaParserTest.CheckOutput (System.String resourceName) [0x00000] in <filename unknown>:0
at presto.boa.runtime.TestConditions.testSimpleIf () [0x00000] in <filename unknown>:0
at (wrapper managed-to-native) System.Reflection.MonoMethod:InternalInvoke (System.Reflection.MonoMethod,object,object[],System.Exception&)
at System.Reflection.MonoMethod.Invoke (System.Object obj, BindingFlags invokeAttr, System.Reflection.Binder binder, System.Object[] parameters, System.Globalization.CultureInfo culture) [0x00000] in <filename unknown>:0
]]></stack-trace>
                        </failure>
                      </test-case>
                      <test-case name="presto.boa.runtime.TestConditions.testSwitch" executed="True" success="False" time="0.010" asserts="1">
                        <failure>
                          <message><![CDATA[System.NullReferenceException : Object reference not set to an instance of an object]]></message>
                          <stack-trace><![CDATA[at presto.declaration.BaseMethodDeclaration.register (presto.runtime.Context context) [0x00000] in <filename unknown>:0
at presto.grammar.DeclarationList.register (presto.runtime.Context context) [0x00000] in <filename unknown>:0
at presto.parser.BaseBoaParserTest.loadResource (System.String resourceName) [0x00000] in <filename unknown>:0
at presto.parser.BaseBoaParserTest.runResource (System.String resourceName) [0x00000] in <filename unknown>:0
at presto.parser.BaseBoaParserTest.CheckOutput (System.String resourceName) [0x00000] in <filename unknown>:0
at presto.boa.runtime.TestConditions.testSwitch () [0x00000] in <filename unknown>:0
at (wrapper managed-to-native) System.Reflection.MonoMethod:InternalInvoke (System.Reflection.MonoMethod,object,object[],System.Exception&)
at System.Reflection.MonoMethod.Invoke (System.Object obj, BindingFlags invokeAttr, System.Reflection.Binder binder, System.Object[] parameters, System.Globalization.CultureInfo culture) [0x00000] in <filename unknown>:0
]]></stack-trace>
                        </failure>
                      </test-case>
                    </results>
                  </test-suite>
                  <test-suite name="TestContains" success="False" time="0.264" asserts="0">
                    <results>
                      <test-case name="presto.boa.runtime.TestContains.testContainsAllList" executed="True" success="False" time="0.019" asserts="1">
                        <failure>
                          <message><![CDATA[System.NullReferenceException : Object reference not set to an instance of an object]]></message>
                          <stack-trace><![CDATA[at presto.declaration.BaseMethodDeclaration.register (presto.runtime.Context context) [0x00000] in <filename unknown>:0
at presto.grammar.DeclarationList.register (presto.runtime.Context context) [0x00000] in <filename unknown>:0
at presto.parser.BaseBoaParserTest.loadResource (System.String resourceName) [0x00000] in <filename unknown>:0
at presto.parser.BaseBoaParserTest.runResource (System.String resourceName) [0x00000] in <filename unknown>:0
at presto.parser.BaseBoaParserTest.CheckOutput (System.String resourceName) [0x00000] in <filename unknown>:0
at presto.boa.runtime.TestContains.testContainsAllList () [0x00000] in <filename unknown>:0
at (wrapper managed-to-native) System.Reflection.MonoMethod:InternalInvoke (System.Reflection.MonoMethod,object,object[],System.Exception&)
at System.Reflection.MonoMethod.Invoke (System.Object obj, BindingFlags invokeAttr, System.Reflection.Binder binder, System.Object[] parameters, System.Globalization.CultureInfo culture) [0x00000] in <filename unknown>:0
]]></stack-trace>
                        </failure>
                      </test-case>
                      <test-case name="presto.boa.runtime.TestContains.testContainsAllText" executed="True" success="False" time="0.009" asserts="1">
                        <failure>
                          <message><![CDATA[System.NullReferenceException : Object reference not set to an instance of an object]]></message>
                          <stack-trace><![CDATA[at presto.declaration.BaseMethodDeclaration.register (presto.runtime.Context context) [0x00000] in <filename unknown>:0
at presto.grammar.DeclarationList.register (presto.runtime.Context context) [0x00000] in <filename unknown>:0
at presto.parser.BaseBoaParserTest.loadResource (System.String resourceName) [0x00000] in <filename unknown>:0
at presto.parser.BaseBoaParserTest.runResource (System.String resourceName) [0x00000] in <filename unknown>:0
at presto.parser.BaseBoaParserTest.CheckOutput (System.String resourceName) [0x00000] in <filename unknown>:0
at presto.boa.runtime.TestContains.testContainsAllText () [0x00000] in <filename unknown>:0
at (wrapper managed-to-native) System.Reflection.MonoMethod:InternalInvoke (System.Reflection.MonoMethod,object,object[],System.Exception&)
at System.Reflection.MonoMethod.Invoke (System.Object obj, BindingFlags invokeAttr, System.Reflection.Binder binder, System.Object[] parameters, System.Globalization.CultureInfo culture) [0x00000] in <filename unknown>:0
]]></stack-trace>
                        </failure>
                      </test-case>
                      <test-case name="presto.boa.runtime.TestContains.testContainsAllTuple" executed="True" success="False" time="0.008" asserts="1">
                        <failure>
                          <message><![CDATA[System.NullReferenceException : Object reference not set to an instance of an object]]></message>
                          <stack-trace><![CDATA[at presto.declaration.BaseMethodDeclaration.register (presto.runtime.Context context) [0x00000] in <filename unknown>:0
at presto.grammar.DeclarationList.register (presto.runtime.Context context) [0x00000] in <filename unknown>:0
at presto.parser.BaseBoaParserTest.loadResource (System.String resourceName) [0x00000] in <filename unknown>:0
at presto.parser.BaseBoaParserTest.runResource (System.String resourceName) [0x00000] in <filename unknown>:0
at presto.parser.BaseBoaParserTest.CheckOutput (System.String resourceName) [0x00000] in <filename unknown>:0
at presto.boa.runtime.TestContains.testContainsAllTuple () [0x00000] in <filename unknown>:0
at (wrapper managed-to-native) System.Reflection.MonoMethod:InternalInvoke (System.Reflection.MonoMethod,object,object[],System.Exception&)
at System.Reflection.MonoMethod.Invoke (System.Object obj, BindingFlags invokeAttr, System.Reflection.Binder binder, System.Object[] parameters, System.Globalization.CultureInfo culture) [0x00000] in <filename unknown>:0
]]></stack-trace>
                        </failure>
                      </test-case>
                      <test-case name="presto.boa.runtime.TestContains.testContainsAnyList" executed="True" success="False" time="0.014" asserts="1">
                        <failure>
                          <message><![CDATA[System.NullReferenceException : Object reference not set to an instance of an object]]></message>
                          <stack-trace><![CDATA[at presto.declaration.BaseMethodDeclaration.register (presto.runtime.Context context) [0x00000] in <filename unknown>:0
at presto.grammar.DeclarationList.register (presto.runtime.Context context) [0x00000] in <filename unknown>:0
at presto.parser.BaseBoaParserTest.loadResource (System.String resourceName) [0x00000] in <filename unknown>:0
at presto.parser.BaseBoaParserTest.runResource (System.String resourceName) [0x00000] in <filename unknown>:0
at presto.parser.BaseBoaParserTest.CheckOutput (System.String resourceName) [0x00000] in <filename unknown>:0
[...]
]]></stack-trace>
                        </failure>
                      </test-case>
                    </results>
                  </test-suite>
                </results>
              </test-suite>
            </results>
          </test-suite>
          <test-suite name="parser" success="True" time="0.194" asserts="0">
            <results>
              <test-suite name="BaseBoaParserTest" success="True" time="0.000" asserts="0">
                <results />
              </test-suite>
              <test-suite name="BaseOopsParserTest" success="True" time="0.000" asserts="0">
                <results />
              </test-suite>
              <test-suite name="TestBoaLexer" success="True" time="0.013" asserts="0">
                <results>
                  <test-case name="presto.parser.TestBoaLexer.test1Indent" executed="True" success="True" time="0.001" asserts="1" />
                  <test-case name="presto.parser.TestBoaLexer.test2Indents" executed="True" success="True" time="0.000" asserts="1" />
                  <test-case name="presto.parser.TestBoaLexer.testCharLiteral" executed="True" success="True" time="0.000" asserts="1" />
                  <test-case name="presto.parser.TestBoaLexer.testDateLiteral" executed="True" success="True" time="0.000" asserts="1" />
                  <test-case name="presto.parser.TestBoaLexer.testDateTimeLiteral" executed="True" success="True" time="0.000" asserts="1" />
                  <test-case name="presto.parser.TestBoaLexer.testEmployeeCategoryExtendsPerson" executed="True" success="True" time="0.000" asserts="1" />
                  <test-case name="presto.parser.TestBoaLexer.testEmptyLine" executed="True" success="True" time="0.000" asserts="1" />
                  <test-case name="presto.parser.TestBoaLexer.testEnumIdentifier" executed="True" success="True" time="0.000" asserts="1" />
                  <test-case name="presto.parser.TestBoaLexer.testIntegerAttribute" executed="True" success="True" time="0.000" asserts="1" />
                  <test-case name="presto.parser.TestBoaLexer.testMethodCallWith" executed="True" success="True" time="0.000" asserts="1" />
                  <test-case name="presto.parser.TestBoaLexer.testPeriodLiteral" executed="True" success="True" time="0.000" asserts="1" />
                  <test-case name="presto.parser.TestBoaLexer.testPersonCategory" executed="True" success="True" time="0.000" asserts="1" />
                  <test-case name="presto.parser.TestBoaLexer.testRangeLiteral" executed="True" success="True" time="0.000" asserts="1" />
                  <test-case name="presto.parser.TestBoaLexer.testStringAttribute" executed="True" success="True" time="0.000" asserts="1" />
                  <test-case name="presto.parser.TestBoaLexer.testTimeLiteral" executed="True" success="True" time="0.000" asserts="1" />
                  <test-case name="presto.parser.TestBoaLexer.testTryStatement" executed="True" success="True" time="0.000" asserts="0" />
                </results>
              </test-suite>
              <test-suite name="TestBoaParserAtoms" success="True" time="0.088" asserts="0">
                <results>
                  <test-case name="presto.parser.TestBoaParserAtoms.testArgument" executed="True" success="True" time="0.001" asserts="3" />
                  <test-case name="presto.parser.TestBoaParserAtoms.testArgumentAssignmentList1Arg" executed="True" success="True" time="0.002" asserts="3" />
                  <test-case name="presto.parser.TestBoaParserAtoms.testArrayAttribute" executed="True" success="True" time="0.001" asserts="3" />
                  <test-case name="presto.parser.TestBoaParserAtoms.testAssignmentConstructor" executed="True" success="True" time="0.010" asserts="2" />
                  <test-case name="presto.parser.TestBoaParserAtoms.testAttribute" executed="True" success="True" time="0.000" asserts="3" />
                  <test-case name="presto.parser.TestBoaParserAtoms.testBooleanLiteral" executed="True" success="True" time="0.003" asserts="8" />
                  <test-case name="presto.parser.TestBoaParserAtoms.testCategory1Attribute" executed="True" success="True" time="0.001" asserts="5" />
                  <test-case name="presto.parser.TestBoaParserAtoms.testCategory1Derived1Attribute" executed="True" success="True" time="0.000" asserts="6" />
                  <test-case name="presto.parser.TestBoaParserAtoms.testCategory2Attributes" executed="True" success="True" time="0.000" asserts="6" />
                  <test-case name="presto.parser.TestBoaParserAtoms.testCategory2DerivedNoAttribute" executed="True" success="True" time="0.000" asserts="6" />
                  <test-case name="presto.parser.TestBoaParserAtoms.testComplexArgumentAssignment" executed="True" success="True" time="0.001" asserts="3" />
                  <test-case name="presto.parser.TestBoaParserAtoms.testConstructor1Attribute" executed="True" success="True" time="0.003" asserts="1" />
                  <test-case name="presto.parser.TestBoaParserAtoms.testConstructor2AttributesAnd" executed="True" success="True" time="0.003" asserts="11" />
                  <test-case name="presto.parser.TestBoaParserAtoms.testConstructor2AttributesComma" executed="True" success="True" time="0.002" asserts="11" />
                  <test-case name="presto.parser.TestBoaParserAtoms.testConstructorFrom1Attribute" executed="True" success="True" time="0.001" asserts="1" />
                  <test-case name="presto.parser.TestBoaParserAtoms.testDateTime" executed="True" success="True" time="0.001" asserts="4" />
                  <test-case name="presto.parser.TestBoaParserAtoms.testDateTimeWithMillis" executed="True" success="True" time="0.000" asserts="4" />
                  <test-case name="presto.parser.TestBoaParserAtoms.testDateTimeWithTZ" executed="True" success="True" time="0.000" asserts="4" />
                  <test-case name="presto.parser.TestBoaParserAtoms.testDecimalLiteral" executed="True" success="True" time="0.001" asserts="4" />
                  <test-case name="presto.parser.TestBoaParserAtoms.testEmptyDictLiteral" executed="True" success="True" time="0.001" asserts="3" />
                  <test-case name="presto.parser.TestBoaParserAtoms.testEmptyListLiteral" executed="True" success="True" time="0.001" asserts="4" />
                  <test-case name="presto.parser.TestBoaParserAtoms.testExpressionWith" executed="True" success="True" time="0.001" asserts="2" />
                  <test-case name="presto.parser.TestBoaParserAtoms.testHexaLiteral" executed="True" success="True" time="0.001" asserts="4" />
                  <test-case name="presto.parser.TestBoaParserAtoms.testIntegerLiteral" executed="True" success="True" time="0.000" asserts="4" />
                  <test-case name="presto.parser.TestBoaParserAtoms.testList1Argument" executed="True" success="True" time="0.000" asserts="2" />
                  <test-case name="presto.parser.TestBoaParserAtoms.testList2ArgumentsAnd" executed="True" success="True" time="0.000" asserts="2" />
                  <test-case name="presto.parser.TestBoaParserAtoms.testList2ArgumentsComma" executed="True" success="True" time="0.001" asserts="2" />
                  <test-case name="presto.parser.TestBoaParserAtoms.testMemberExpression" executed="True" success="True" time="0.000" asserts="4" />
                  <test-case name="presto.parser.TestBoaParserAtoms.testMethod1Array1Statement" executed="True" success="True" time="0.002" asserts="6" />
                  <test-case name="presto.parser.TestBoaParserAtoms.testMethod1Extended1Statement" executed="True" success="True" time="0.001" asserts="6" />
                  <test-case name="presto.parser.TestBoaParserAtoms.testMethod1Parameter1Statement" executed="True" success="True" time="0.001" asserts="6" />
                  <test-case name="presto.parser.TestBoaParserAtoms.testMethodCallExpression" executed="True" success="True" time="0.001" asserts="1" />
                  <test-case name="presto.parser.TestBoaParserAtoms.testMethodCallWith" executed="True" success="True" time="0.016" asserts="6" />
                  <test-case name="presto.parser.TestBoaParserAtoms.testMethodWith" executed="True" success="True" time="0.001" asserts="2" />
                  <test-case name="presto.parser.TestBoaParserAtoms.testNativeCSharp" executed="True" success="True" time="0.000" asserts="2" />
                  <test-case name="presto.parser.TestBoaParserAtoms.testNativeJava" executed="True" success="True" time="0.000" asserts="2" />
                  <test-case name="presto.parser.TestBoaParserAtoms.testNativeMethod" executed="True" success="True" time="0.000" asserts="2" />
                  <test-case name="presto.parser.TestBoaParserAtoms.testNativeSymbol" executed="True" success="True" time="0.001" asserts="3" />
                  <test-case name="presto.parser.TestBoaParserAtoms.testParseHexa" executed="True" success="True" time="0.000" asserts="1" />
                  <test-case name="presto.parser.TestBoaParserAtoms.testPeriod" executed="True" success="True" time="0.000" asserts="4" />
                  <test-case name="presto.parser.TestBoaParserAtoms.testRange" executed="True" success="True" time="0.001" asserts="4" />
                  <test-case name="presto.parser.TestBoaParserAtoms.testSimpleArgumentAssignment" executed="True" success="True" time="0.001" asserts="3" />
                  <test-case name="presto.parser.TestBoaParserAtoms.testSimpleDate" executed="True" success="True" time="0.001" asserts="4" />
                  <test-case name="presto.parser.TestBoaParserAtoms.testSimpleDictLiteral" executed="True" success="True" time="0.001" asserts="3" />
                  <test-case name="presto.parser.TestBoaParserAtoms.testSimpleListLiteral" executed="True" success="True" time="0.001" asserts="6" />
                  <test-case name="presto.parser.TestBoaParserAtoms.testSimpleTime" executed="True" success="True" time="0.000" asserts="4" />
                  <test-case name="presto.parser.TestBoaParserAtoms.testStringLiteral" executed="True" success="True" time="0.000" asserts="4" />
                  <test-case name="presto.parser.TestBoaParserAtoms.testTuple" executed="True" success="True" time="0.001" asserts="5" />
                </results>
              </test-suite>
              <test-suite name="TestBoaParserFiles" success="True" time="0.018" asserts="0">
                <results>
                  <test-case name="presto.parser.TestBoaParserFiles.testAttribute" executed="True" success="True" time="0.003" asserts="3" />
                  <test-case name="presto.parser.TestBoaParserFiles.testEmpty" executed="True" success="True" time="0.000" asserts="2" />
                  <test-case name="presto.parser.TestBoaParserFiles.testImplicit" executed="True" success="True" time="0.002" asserts="3" />
                  <test-case name="presto.parser.TestBoaParserFiles.testNative" executed="True" success="True" time="0.001" asserts="3" />
                  <test-case name="presto.parser.TestBoaParserFiles.testPolymorphicImplicit" executed="True" success="True" time="0.008" asserts="3" />
                  <test-case name="presto.parser.TestBoaParserFiles.testSpecified" executed="True" success="True" time="0.003" asserts="3" />
                </results>
              </test-suite>
              <test-suite name="TestJavaParser" success="True" time="0.006" asserts="0">
                <results>
                  <test-case name="presto.parser.TestJavaParser.testArray" executed="True" success="True" time="0.003" asserts="2" />
                  <test-case name="presto.parser.TestJavaParser.testExpression" executed="True" success="True" time="0.000" asserts="2" />
                  <test-case name="presto.parser.TestJavaParser.testFunction" executed="True" success="True" time="0.001" asserts="2" />
                  <test-case name="presto.parser.TestJavaParser.testReturn" executed="True" success="True" time="0.000" asserts="2" />
                </results>
              </test-suite>
              <test-suite name="TestOopsParserAtoms" success="True" time="0.051" asserts="0">
                <results>
                  <test-case name="presto.parser.TestOopsParserAtoms.testArgument" executed="True" success="True" time="0.000" asserts="3" />
                  <test-case name="presto.parser.TestOopsParserAtoms.testArrayAttribute" executed="True" success="True" time="0.001" asserts="3" />
                  <test-case name="presto.parser.TestOopsParserAtoms.testAssignmentConstructor" executed="True" success="True" time="0.001" asserts="2" />
                  <test-case name="presto.parser.TestOopsParserAtoms.testAttribute" executed="True" success="True" time="0.000" asserts="3" />
                  <test-case name="presto.parser.TestOopsParserAtoms.testBooleanLiteral" executed="True" success="True" time="0.001" asserts="8" />
                  <test-case name="presto.parser.TestOopsParserAtoms.testCategory1Attribute" executed="True" success="True" time="0.001" asserts="5" />
                  <test-case name="presto.parser.TestOopsParserAtoms.testCategory1Derived1Attribute" executed="True" success="True" time="0.000" asserts="6" />
                  <test-case name="presto.parser.TestOopsParserAtoms.testCategory2Attributes" executed="True" success="True" time="0.000" asserts="6" />
                  <test-case name="presto.parser.TestOopsParserAtoms.testCategory2DerivedNoAttribute" executed="True" success="True" time="0.000" asserts="6" />
                  <test-case name="presto.parser.TestOopsParserAtoms.testConstructor1Attribute" executed="True" success="True" time="0.000" asserts="1" />
                  <test-case name="presto.parser.TestOopsParserAtoms.testConstructor2AttributesComma" executed="True" success="True" time="0.001" asserts="11" />
                  <test-case name="presto.parser.TestOopsParserAtoms.testConstructorFrom1Attribute" executed="True" success="True" time="0.000" asserts="1" />
                  <test-case name="presto.parser.TestOopsParserAtoms.testContainsAnyExpression" executed="True" success="True" time="0.001" asserts="1" />
                  <test-case name="presto.parser.TestOopsParserAtoms.testDateTime" executed="True" success="True" time="0.000" asserts="4" />
                  <test-case name="presto.parser.TestOopsParserAtoms.testDateTimeWithMillis" executed="True" success="True" time="0.000" asserts="4" />
                  <test-case name="presto.parser.TestOopsParserAtoms.testDateTimeWithTZ" executed="True" success="True" time="0.000" asserts="4" />
                  <test-case name="presto.parser.TestOopsParserAtoms.testDecimalLiteral" executed="True" success="True" time="0.000" asserts="4" />
                  <test-case name="presto.parser.TestOopsParserAtoms.testEmptyDictLiteral" executed="True" success="True" time="0.000" asserts="3" />
                  <test-case name="presto.parser.TestOopsParserAtoms.testEmptyListLiteral" executed="True" success="True" time="0.000" asserts="4" />
                  <test-case name="presto.parser.TestOopsParserAtoms.testExpressionWith" executed="True" success="True" time="0.001" asserts="2" />
                  <test-case name="presto.parser.TestOopsParserAtoms.testHexaLiteral" executed="True" success="True" time="0.001" asserts="4" />
                  <test-case name="presto.parser.TestOopsParserAtoms.testInstanceExpression" executed="True" success="True" time="0.000" asserts="1" />
                  <test-case name="presto.parser.TestOopsParserAtoms.testIntegerLiteral" executed="True" success="True" time="0.000" asserts="4" />
                  <test-case name="presto.parser.TestOopsParserAtoms.testList1Argument" executed="True" success="True" time="0.005" asserts="2" />
                  <test-case name="presto.parser.TestOopsParserAtoms.testList2ArgumentsComma" executed="True" success="True" time="0.002" asserts="2" />
                  <test-case name="presto.parser.TestOopsParserAtoms.testMemberExpression" executed="True" success="True" time="0.001" asserts="4" />
                  <test-case name="presto.parser.TestOopsParserAtoms.testMethod1Array1Statement" executed="True" success="True" time="0.001" asserts="6" />
                  <test-case name="presto.parser.TestOopsParserAtoms.testMethod1Extended1Statement" executed="True" success="True" time="0.001" asserts="6" />
                  <test-case name="presto.parser.TestOopsParserAtoms.testMethod1Parameter1Statement" executed="True" success="True" time="0.001" asserts="6" />
                  <test-case name="presto.parser.TestOopsParserAtoms.testMethodCallExpression" executed="True" success="True" time="0.000" asserts="1" />
                  <test-case name="presto.parser.TestOopsParserAtoms.testMethodCallWith" executed="True" success="True" time="0.001" asserts="6" />
                  <test-case name="presto.parser.TestOopsParserAtoms.testMethodWith" executed="True" success="True" time="0.000" asserts="2" />
                  <test-case name="presto.parser.TestOopsParserAtoms.testNativeCSharp" executed="True" success="True" time="0.000" asserts="2" />
                  <test-case name="presto.parser.TestOopsParserAtoms.testNativeJava" executed="True" success="True" time="0.000" asserts="2" />
                  <test-case name="presto.parser.TestOopsParserAtoms.testNativeMethod" executed="True" success="True" time="0.000" asserts="2" />
                  <test-case name="presto.parser.TestOopsParserAtoms.testNativeSymbol" executed="True" success="True" time="0.000" asserts="3" />
                  <test-case name="presto.parser.TestOopsParserAtoms.testParseHexa" executed="True" success="True" time="0.000" asserts="1" />
                  <test-case name="presto.parser.TestOopsParserAtoms.testPeriod" executed="True" success="True" time="0.000" asserts="4" />
                  <test-case name="presto.parser.TestOopsParserAtoms.testRange" executed="True" success="True" time="0.001" asserts="4" />
                  <test-case name="presto.parser.TestOopsParserAtoms.testSimpleDate" executed="True" success="True" time="0.000" asserts="4" />
                  <test-case name="presto.parser.TestOopsParserAtoms.testSimpleDictLiteral" executed="True" success="True" time="0.000" asserts="3" />
                  <test-case name="presto.parser.TestOopsParserAtoms.testSimpleListLiteral" executed="True" success="True" time="0.001" asserts="6" />
                  <test-case name="presto.parser.TestOopsParserAtoms.testSimpleTime" executed="True" success="True" time="0.000" asserts="4" />
                  <test-case name="presto.parser.TestOopsParserAtoms.testStringLiteral" executed="True" success="True" time="0.000" asserts="4" />
                  <test-case name="presto.parser.TestOopsParserAtoms.testTuple" executed="True" success="True" time="0.001" asserts="5" />
                </results>
              </test-suite>
              <test-suite name="TestOopsParserFiles" success="True" time="0.000" asserts="0">
                <results>
                  <test-case name="presto.parser.TestOopsParserFiles.testEmpty" executed="True" success="True" time="0.000" asserts="2" />
                </results>
              </test-suite>
            </results>
          </test-suite>
          <test-suite name="utils" success="True" time="0.010" asserts="0">
            <results>
              <test-suite name="PeriodTest" success="True" time="0.002" asserts="0">
                <results>
                  <test-case name="presto.utils.PeriodTest.TestMany" executed="True" success="True" time="0.002" asserts="6" />
                </results>
              </test-suite>
            </results>
          </test-suite>
        </results>
      </test-suite>
    </results>
  </test-suite>
</test-results>